Start testing: Jul 28 14:32 CST
----------------------------------------------------------
1/1 Testing: all_test
1/1 Test: all_test
Command: "/home/phobos/Projects/gemstones/src/build/core/all_test"
Directory: /home/phobos/Projects/gemstones/src/build/core
"all_test" start time: Jul 28 14:32 CST
Output:
----------------------------------------------------------
<end of output>
Test time =   0.00 sec
----------------------------------------------------------
Test Passed.
"all_test" end time: Jul 28 14:32 CST
"all_test" time elapsed: 00:00:00
----------------------------------------------------------

End testing: Jul 28 14:32 CST
