<?xml version="1.0" encoding="UTF-8"?>
<Site BuildName="(empty)"
	BuildStamp="20250728-0520-Experimental"
	Name="(empty)"
	Generator="ctest-3.31.6"
	CompilerName=""
	CompilerVersion=""
	OSName="Linux"
	Hostname="ares"
	OSRelease="6.15.7-200.fc42.x86_64"
	OSVersion="#1 SMP PREEMPT_DYNAMIC Thu Jul 17 17:57:16 UTC 2025"
	OSPlatform="x86_64"
	Is64Bits="1"
	VendorString="AuthenticAMD"
	VendorID="Advanced Micro Devices"
	FamilyID="23"
	ModelID="24"
	ModelName="AMD Ryzen 5 3500U with Radeon Vega Mobile Gfx"
	ProcessorCacheSize="512"
	NumberOfLogicalCPU="8"
	NumberOfPhysicalCPU="4"
	TotalVirtualMemory="5860"
	TotalPhysicalMemory="5861"
	LogicalProcessorsPerPhysical="2"
	ProcessorClockFrequency="3063.71"
	>
	<Testing>
		<StartDateTime>Jul 28 14:32 CST</StartDateTime>
		<StartTestTime>1753684377</StartTestTime>
		<TestList>
			<Test>./core/all_test</Test>
		</TestList>
		<Test Status="passed">
			<Name>all_test</Name>
			<Path>./core</Path>
			<FullName>./core/all_test</FullName>
			<FullCommandLine>/home/phobos/Projects/gemstones/src/build/core/all_test</FullCommandLine>
			<Results>
				<NamedMeasurement type="numeric/double" name="Execution Time">
					<Value>0.00373073</Value>
				</NamedMeasurement>
				<NamedMeasurement type="numeric/double" name="Processors">
					<Value>1</Value>
				</NamedMeasurement>
				<NamedMeasurement type="text/string" name="Completion Status">
					<Value>Completed</Value>
				</NamedMeasurement>
				<NamedMeasurement type="text/string" name="Command Line">
					<Value>/home/phobos/Projects/gemstones/src/build/core/all_test</Value>
				</NamedMeasurement>
				<NamedMeasurement type="text/string" name="Environment">
					<Value>#CTEST_RESOURCE_GROUP_COUNT=</Value>
				</NamedMeasurement>
				<Measurement>
					<Value></Value>
				</Measurement>
			</Results>
		</Test>
		<EndDateTime>Jul 28 14:32 CST</EndDateTime>
		<EndTestTime>1753684377</EndTestTime>
		<ElapsedMinutes>0</ElapsedMinutes>
	</Testing>
</Site>
